04/08/21 12:15:00 ******************************************************
04/08/21 12:15:00 ** condor_scheduniv_exec.1.0 (CONDOR_DAGMAN) STARTING UP
04/08/21 12:15:00 ** /usr/bin/condor_dagman
04/08/21 12:15:00 ** SubsystemInfo: name=DAGMAN type=DAGMAN(10) class=DAEMON(1)
04/08/21 12:15:00 ** Configuration: subsystem:DAGMAN local:<NONE> class:DAEMON
04/08/21 12:15:00 ** $CondorVersion: 8.8.10 Aug 05 2020 BuildID: 513586 PackageID: 8.8.10-1 $
04/08/21 12:15:00 ** $CondorPlatform: x86_64_CentOS7 $
04/08/21 12:15:00 ** PID = 743
04/08/21 12:15:00 ** Log last touched time unavailable (No such file or directory)
04/08/21 12:15:00 ******************************************************
04/08/21 12:15:00 Using config source: /etc/condor/condor_config
04/08/21 12:15:00 Using local config sources: 
04/08/21 12:15:00    /etc/condor/config.d/00-minicondor
04/08/21 12:15:00    /etc/condor/condor_config.local
04/08/21 12:15:00 config Macros = 81, Sorted = 81, StringBytes = 2252, TablesBytes = 2964
04/08/21 12:15:00 CLASSAD_CACHING is ENABLED
04/08/21 12:15:00 Daemon Log is logging: D_ALWAYS D_ERROR
04/08/21 12:15:00 DaemonCore: No command port requested.
04/08/21 12:15:00 DAGMAN_USE_STRICT setting: 1
04/08/21 12:15:00 DAGMAN_VERBOSITY setting: 3
04/08/21 12:15:00 DAGMAN_DEBUG_CACHE_SIZE setting: 5242880
04/08/21 12:15:00 DAGMAN_DEBUG_CACHE_ENABLE setting: False
04/08/21 12:15:00 DAGMAN_SUBMIT_DELAY setting: 0
04/08/21 12:15:00 DAGMAN_MAX_SUBMIT_ATTEMPTS setting: 6
04/08/21 12:15:00 DAGMAN_STARTUP_CYCLE_DETECT setting: False
04/08/21 12:15:00 DAGMAN_MAX_SUBMITS_PER_INTERVAL setting: 100
04/08/21 12:15:00 DAGMAN_AGGRESSIVE_SUBMIT setting: False
04/08/21 12:15:00 DAGMAN_USER_LOG_SCAN_INTERVAL setting: 5
04/08/21 12:15:00 DAGMAN_QUEUE_UPDATE_INTERVAL setting: 300
04/08/21 12:15:00 DAGMAN_DEFAULT_PRIORITY setting: 0
04/08/21 12:15:00 DAGMAN_SUPPRESS_NOTIFICATION setting: True
04/08/21 12:15:00 allow_events (DAGMAN_ALLOW_EVENTS) setting: 114
04/08/21 12:15:00 DAGMAN_RETRY_SUBMIT_FIRST setting: True
04/08/21 12:15:00 DAGMAN_RETRY_NODE_FIRST setting: False
04/08/21 12:15:00 DAGMAN_MAX_JOBS_IDLE setting: 1000
04/08/21 12:15:00 DAGMAN_MAX_JOBS_SUBMITTED setting: 0
04/08/21 12:15:00 DAGMAN_MAX_PRE_SCRIPTS setting: 20
04/08/21 12:15:00 DAGMAN_MAX_POST_SCRIPTS setting: 20
04/08/21 12:15:00 DAGMAN_MUNGE_NODE_NAMES setting: True
04/08/21 12:15:00 DAGMAN_PROHIBIT_MULTI_JOBS setting: False
04/08/21 12:15:00 DAGMAN_SUBMIT_DEPTH_FIRST setting: False
04/08/21 12:15:00 DAGMAN_ALWAYS_RUN_POST setting: False
04/08/21 12:15:00 DAGMAN_CONDOR_SUBMIT_EXE setting: /usr/bin/condor_submit
04/08/21 12:15:00 DAGMAN_USE_CONDOR_SUBMIT setting: True
04/08/21 12:15:00 DAGMAN_ABORT_DUPLICATES setting: True
04/08/21 12:15:00 DAGMAN_ABORT_ON_SCARY_SUBMIT setting: True
04/08/21 12:15:00 DAGMAN_PENDING_REPORT_INTERVAL setting: 600
04/08/21 12:15:00 DAGMAN_AUTO_RESCUE setting: True
04/08/21 12:15:00 DAGMAN_MAX_RESCUE_NUM setting: 100
04/08/21 12:15:00 DAGMAN_WRITE_PARTIAL_RESCUE setting: True
04/08/21 12:15:00 DAGMAN_DEFAULT_NODE_LOG setting: @(DAG_DIR)/@(DAG_FILE).nodes.log
04/08/21 12:15:00 DAGMAN_GENERATE_SUBDAG_SUBMITS setting: True
04/08/21 12:15:00 DAGMAN_MAX_JOB_HOLDS setting: 100
04/08/21 12:15:00 DAGMAN_HOLD_CLAIM_TIME setting: 20
04/08/21 12:15:00 ALL_DEBUG setting: 
04/08/21 12:15:00 DAGMAN_DEBUG setting: 
04/08/21 12:15:00 DAGMAN_SUPPRESS_JOB_LOGS setting: False
04/08/21 12:15:00 DAGMAN_REMOVE_NODE_JOBS setting: True
04/08/21 12:15:00 argv[0] == "condor_scheduniv_exec.1.0"
04/08/21 12:15:00 argv[1] == "-Lockfile"
04/08/21 12:15:00 argv[2] == "Galaxy-0.dag.lock"
04/08/21 12:15:00 argv[3] == "-AutoRescue"
04/08/21 12:15:00 argv[4] == "1"
04/08/21 12:15:00 argv[5] == "-DoRescueFrom"
04/08/21 12:15:00 argv[6] == "0"
04/08/21 12:15:00 argv[7] == "-Dag"
04/08/21 12:15:00 argv[8] == "Galaxy-0.dag"
04/08/21 12:15:00 argv[9] == "-MaxPost"
04/08/21 12:15:00 argv[10] == "20"
04/08/21 12:15:00 argv[11] == "-Suppress_notification"
04/08/21 12:15:00 argv[12] == "-CsdVersion"
04/08/21 12:15:00 argv[13] == "$CondorVersion: 8.8.10 Aug 05 2020 BuildID: 513586 PackageID: 8.8.10-1 $"
04/08/21 12:15:00 argv[14] == "-Dagman"
04/08/21 12:15:00 argv[15] == "/bin/condor_dagman"
04/08/21 12:15:00 Workflow batch-name: <Galaxy-0.dag+1>
04/08/21 12:15:00 Workflow accounting_group: <>
04/08/21 12:15:00 Workflow accounting_group_user: <>
04/08/21 12:15:00 Warning: failed to get attribute DAGNodeName
04/08/21 12:15:00 DAGMAN_LOG_ON_NFS_IS_ERROR setting: False
04/08/21 12:15:00 Default node log file is: </home/scitech/shared-data/Galaxy2/galaxy-image-classification/scitech/pegasus/Galaxy/run0001/./Galaxy-0.dag.nodes.log>
04/08/21 12:15:00 DAG Lockfile will be written to Galaxy-0.dag.lock
04/08/21 12:15:00 DAG Input file is Galaxy-0.dag
04/08/21 12:15:00 Parsing 1 dagfiles
04/08/21 12:15:00 Parsing Galaxy-0.dag ...
04/08/21 12:15:00 Warning:  could not open Pegasus braindump file braindump.txt
04/08/21 12:15:00 Dag contains 20 total jobs
04/08/21 12:15:00 Sleeping for 3 seconds to ensure ProcessId uniqueness
04/08/21 12:15:03 Bootstrapping...
04/08/21 12:15:03 Number of pre-completed nodes: 0
04/08/21 12:15:03 MultiLogFiles: truncating log file /home/scitech/shared-data/Galaxy2/galaxy-image-classification/scitech/pegasus/Galaxy/run0001/./Galaxy-0.dag.nodes.log
04/08/21 12:15:03 DAG status: 0 (DAG_STATUS_OK)
04/08/21 12:15:03 Of 20 nodes total:
04/08/21 12:15:03  Done     Pre   Queued    Post   Ready   Un-Ready   Failed
04/08/21 12:15:03   ===     ===      ===     ===     ===        ===      ===
04/08/21 12:15:03     0       0        0       0       1         19        0
04/08/21 12:15:03 0 job proc(s) currently held
04/08/21 12:15:03 DAGMan Runtime Statistics: [ EventCycleTimeSum = 0.0; EventCycleTimeCount = 0.0; SleepCycleTimeCount = 0.0; SubmitCycleTimeSum = 0.0; SubmitCycleTimeCount = 0.0; LogProcessCycleTimeSum = 0.0; SleepCycleTimeSum = 0.0; LogProcessCycleTimeCount = 0.0; ]
04/08/21 12:15:03 Registering condor_event_timer...
04/08/21 12:15:04 Submitting HTCondor Node create_dir_Galaxy_0_local job(s)...
04/08/21 12:15:04 Adding a DAGMan workflow log /home/scitech/shared-data/Galaxy2/galaxy-image-classification/scitech/pegasus/Galaxy/run0001/./Galaxy-0.dag.nodes.log
04/08/21 12:15:04 Masking the events recorded in the DAGMAN workflow log
04/08/21 12:15:04 Mask for workflow log is 0,1,2,4,5,7,9,10,11,12,13,16,17,24,27,35,36
04/08/21 12:15:04 submitting: /usr/bin/condor_submit -a dag_node_name' '=' 'create_dir_Galaxy_0_local -a +DAGManJobId' '=' '1 -a DAGManJobId' '=' '1 -batch-name Galaxy-0.dag+1 -a submit_event_notes' '=' 'DAG' 'Node:' 'create_dir_Galaxy_0_local -a dagman_log' '=' '/home/scitech/shared-data/Galaxy2/galaxy-image-classification/scitech/pegasus/Galaxy/run0001/./Galaxy-0.dag.nodes.log -a +DAGManNodesMask' '=' '"0,1,2,4,5,7,9,10,11,12,13,16,17,24,27,35,36" -a priority=800 -a +DAGNodeRetry' '=' '0 -a DAG_STATUS' '=' '0 -a FAILED_COUNT' '=' '0 -a +KeepClaimIdle' '=' '20 -a notification' '=' 'never -a +DAGParentNodeNames' '=' '"" 00/00/create_dir_Galaxy_0_local.sub
04/08/21 12:15:04 From submit: Submitting job(s).
04/08/21 12:15:04 From submit: 1 job(s) submitted to cluster 2.
04/08/21 12:15:04 	assigned HTCondor ID (2.0.0)
04/08/21 12:15:04 Just submitted 1 job this cycle...
04/08/21 12:15:04 DAG status: 0 (DAG_STATUS_OK)
04/08/21 12:15:04 Of 20 nodes total:
04/08/21 12:15:04  Done     Pre   Queued    Post   Ready   Un-Ready   Failed
04/08/21 12:15:04   ===     ===      ===     ===     ===        ===      ===
04/08/21 12:15:04     0       0        1       0       0         19        0
04/08/21 12:15:04 0 job proc(s) currently held
04/08/21 12:15:04 DAGMan Runtime Statistics: [ EventCycleTimeCount = 0.0; EventCycleTimeSum = 0.0; LogProcessCycleTimeCount = 0.0; SleepCycleTimeSum = 0.0; LogProcessCycleTimeSum = 0.0; SubmitCycleTimeCount = 1.0; SubmitCycleTimeMax = 0.04741215705871582; SubmitCycleTimeMin = 0.04741215705871582; SubmitCycleTimeAvg = 0.04741215705871582; SubmitCycleTimeStd = 0.04741215705871582; SubmitCycleTimeSum = 0.04741215705871582; SleepCycleTimeCount = 0.0; ]
04/08/21 12:15:09 Currently monitoring 1 HTCondor log file(s)
04/08/21 12:15:09 Reassigning the id of job create_dir_Galaxy_0_local from (2.0.0) to (2.0.0)
04/08/21 12:15:09 Event: ULOG_SUBMIT for HTCondor Node create_dir_Galaxy_0_local (2.0.0) {04/08/21 12:15:04}
04/08/21 12:15:09 Number of idle job procs: 1
04/08/21 12:15:09 Event: ULOG_EXECUTE for HTCondor Node create_dir_Galaxy_0_local (2.0.0) {04/08/21 12:15:05}
04/08/21 12:15:09 Number of idle job procs: 0
04/08/21 12:15:09 Event: ULOG_JOB_TERMINATED for HTCondor Node create_dir_Galaxy_0_local (2.0.0) {04/08/21 12:15:07}
04/08/21 12:15:09 Number of idle job procs: 0
04/08/21 12:15:09 Node create_dir_Galaxy_0_local job proc (2.0.0) completed successfully.
04/08/21 12:15:09 Node create_dir_Galaxy_0_local job completed
04/08/21 12:15:09 Running POST script of Node create_dir_Galaxy_0_local...
04/08/21 12:15:09 Warning: mysin has length 0 (ignore if produced by DAGMan; see gittrac #4987, #5031)
04/08/21 12:15:09 DAG status: 0 (DAG_STATUS_OK)
04/08/21 12:15:09 Of 20 nodes total:
04/08/21 12:15:09  Done     Pre   Queued    Post   Ready   Un-Ready   Failed
04/08/21 12:15:09   ===     ===      ===     ===     ===        ===      ===
04/08/21 12:15:09     0       0        0       1       0         19        0
04/08/21 12:15:09 0 job proc(s) currently held
04/08/21 12:15:09 DAGMan Runtime Statistics: [ EventCycleTimeStd = 0.05998086929321289; EventCycleTimeMax = 0.05998086929321289; SubmitCycleTimeMin = 0.001303195953369141; SubmitCycleTimeAvg = 0.02435767650604248; SleepCycleTimeCount = 1.0; SubmitCycleTimeCount = 2.0; SubmitCycleTimeMax = 0.04741215705871582; SleepCycleTimeMin = 5.007404088973999; SubmitCycleTimeSum = 0.04871535301208496; LogProcessCycleTimeStd = 0.02353787422180176; SubmitCycleTimeStd = 0.0326039590710574; LogProcessCycleTimeAvg = 0.02353787422180176; EventCycleTimeMin = 0.05998086929321289; LogProcessCycleTimeMax = 0.02353787422180176; LogProcessCycleTimeMin = 0.02353787422180176; LogProcessCycleTimeSum = 0.02353787422180176; LogProcessCycleTimeCount = 1.0; EventCycleTimeSum = 0.05998086929321289; SleepCycleTimeSum = 5.007404088973999; SleepCycleTimeAvg = 5.007404088973999; SleepCycleTimeStd = 5.007404088973999; SleepCycleTimeMax = 5.007404088973999; EventCycleTimeCount = 1.0; EventCycleTimeAvg = 0.05998086929321289; ]
04/08/21 12:15:09 Initializing user log writer for /home/scitech/shared-data/Galaxy2/galaxy-image-classification/scitech/pegasus/Galaxy/run0001/./Galaxy-0.dag.nodes.log, (2.0.0)
04/08/21 12:15:14 Currently monitoring 1 HTCondor log file(s)
04/08/21 12:15:14 Event: ULOG_POST_SCRIPT_TERMINATED for HTCondor Node create_dir_Galaxy_0_local (2.0.0) {04/08/21 12:15:09}
04/08/21 12:15:14 POST Script of node create_dir_Galaxy_0_local completed successfully.
04/08/21 12:15:14 DAG status: 0 (DAG_STATUS_OK)
04/08/21 12:15:14 Of 20 nodes total:
04/08/21 12:15:14  Done     Pre   Queued    Post   Ready   Un-Ready   Failed
04/08/21 12:15:14   ===     ===      ===     ===     ===        ===      ===
04/08/21 12:15:14     1       0        0       0       3         16        0
04/08/21 12:15:14 0 job proc(s) currently held
04/08/21 12:15:14 DAGMan Runtime Statistics: [ EventCycleTimeStd = 0.01655477633289704; EventCycleTimeMax = 0.05998086929321289; SubmitCycleTimeMin = 0.001303195953369141; SubmitCycleTimeAvg = 0.01670980453491211; SleepCycleTimeCount = 2.0; SubmitCycleTimeCount = 3.0; SubmitCycleTimeMax = 0.04741215705871582; SleepCycleTimeMin = 5.007404088973999; SubmitCycleTimeSum = 0.05012941360473633; LogProcessCycleTimeStd = 0.01182842874088539; SubmitCycleTimeStd = 0.02658907502366335; LogProcessCycleTimeAvg = 0.01517391204833984; EventCycleTimeMin = 0.03656888008117676; LogProcessCycleTimeMax = 0.02353787422180176; LogProcessCycleTimeMin = 0.00680994987487793; LogProcessCycleTimeSum = 0.03034782409667969; LogProcessCycleTimeCount = 2.0; EventCycleTimeSum = 0.09654974937438965; SleepCycleTimeSum = 10.216952085495; SleepCycleTimeAvg = 5.108476042747498; SleepCycleTimeStd = 0.1429373278020281; SleepCycleTimeMax = 5.209547996520996; EventCycleTimeCount = 2.0; EventCycleTimeAvg = 0.04827487468719482; ]
04/08/21 12:15:19 Submitting HTCondor Node stage_in_local_local_0_0 job(s)...
04/08/21 12:15:19 Adding a DAGMan workflow log /home/scitech/shared-data/Galaxy2/galaxy-image-classification/scitech/pegasus/Galaxy/run0001/./Galaxy-0.dag.nodes.log
04/08/21 12:15:19 Masking the events recorded in the DAGMAN workflow log
04/08/21 12:15:19 Mask for workflow log is 0,1,2,4,5,7,9,10,11,12,13,16,17,24,27,35,36
04/08/21 12:15:19 submitting: /usr/bin/condor_submit -a dag_node_name' '=' 'stage_in_local_local_0_0 -a +DAGManJobId' '=' '1 -a DAGManJobId' '=' '1 -batch-name Galaxy-0.dag+1 -a submit_event_notes' '=' 'DAG' 'Node:' 'stage_in_local_local_0_0 -a dagman_log' '=' '/home/scitech/shared-data/Galaxy2/galaxy-image-classification/scitech/pegasus/Galaxy/run0001/./Galaxy-0.dag.nodes.log -a +DAGManNodesMask' '=' '"0,1,2,4,5,7,9,10,11,12,13,16,17,24,27,35,36" -a priority=700 -a +DAGNodeRetry' '=' '0 -a DAG_STATUS' '=' '0 -a FAILED_COUNT' '=' '0 -a +KeepClaimIdle' '=' '20 -a notification' '=' 'never -a +DAGParentNodeNames' '=' '"create_dir_Galaxy_0_local" 00/00/stage_in_local_local_0_0.sub
04/08/21 12:15:19 From submit: Submitting job(s).
04/08/21 12:15:19 From submit: 1 job(s) submitted to cluster 3.
04/08/21 12:15:19 	assigned HTCondor ID (3.0.0)
04/08/21 12:15:19 Submitting HTCondor Node stage_in_local_local_1_0 job(s)...
04/08/21 12:15:19 Adding a DAGMan workflow log /home/scitech/shared-data/Galaxy2/galaxy-image-classification/scitech/pegasus/Galaxy/run0001/./Galaxy-0.dag.nodes.log
04/08/21 12:15:19 Masking the events recorded in the DAGMAN workflow log
04/08/21 12:15:19 Mask for workflow log is 0,1,2,4,5,7,9,10,11,12,13,16,17,24,27,35,36
04/08/21 12:15:19 submitting: /usr/bin/condor_submit -a dag_node_name' '=' 'stage_in_local_local_1_0 -a +DAGManJobId' '=' '1 -a DAGManJobId' '=' '1 -batch-name Galaxy-0.dag+1 -a submit_event_notes' '=' 'DAG' 'Node:' 'stage_in_local_local_1_0 -a dagman_log' '=' '/home/scitech/shared-data/Galaxy2/galaxy-image-classification/scitech/pegasus/Galaxy/run0001/./Galaxy-0.dag.nodes.log -a +DAGManNodesMask' '=' '"0,1,2,4,5,7,9,10,11,12,13,16,17,24,27,35,36" -a priority=700 -a +DAGNodeRetry' '=' '0 -a DAG_STATUS' '=' '0 -a FAILED_COUNT' '=' '0 -a +KeepClaimIdle' '=' '20 -a notification' '=' 'never -a +DAGParentNodeNames' '=' '"create_dir_Galaxy_0_local" 00/00/stage_in_local_local_1_0.sub
04/08/21 12:15:19 From submit: Submitting job(s).
04/08/21 12:15:19 From submit: 1 job(s) submitted to cluster 4.
04/08/21 12:15:19 	assigned HTCondor ID (4.0.0)
04/08/21 12:15:19 Submitting HTCondor Node stage_in_local_local_2_0 job(s)...
04/08/21 12:15:19 Adding a DAGMan workflow log /home/scitech/shared-data/Galaxy2/galaxy-image-classification/scitech/pegasus/Galaxy/run0001/./Galaxy-0.dag.nodes.log
04/08/21 12:15:19 Masking the events recorded in the DAGMAN workflow log
04/08/21 12:15:19 Mask for workflow log is 0,1,2,4,5,7,9,10,11,12,13,16,17,24,27,35,36
04/08/21 12:15:19 submitting: /usr/bin/condor_submit -a dag_node_name' '=' 'stage_in_local_local_2_0 -a +DAGManJobId' '=' '1 -a DAGManJobId' '=' '1 -batch-name Galaxy-0.dag+1 -a submit_event_notes' '=' 'DAG' 'Node:' 'stage_in_local_local_2_0 -a dagman_log' '=' '/home/scitech/shared-data/Galaxy2/galaxy-image-classification/scitech/pegasus/Galaxy/run0001/./Galaxy-0.dag.nodes.log -a +DAGManNodesMask' '=' '"0,1,2,4,5,7,9,10,11,12,13,16,17,24,27,35,36" -a priority=700 -a +DAGNodeRetry' '=' '0 -a DAG_STATUS' '=' '0 -a FAILED_COUNT' '=' '0 -a +KeepClaimIdle' '=' '20 -a notification' '=' 'never -a +DAGParentNodeNames' '=' '"create_dir_Galaxy_0_local" 00/00/stage_in_local_local_2_0.sub
04/08/21 12:15:19 From submit: Submitting job(s).
04/08/21 12:15:19 From submit: 1 job(s) submitted to cluster 5.
04/08/21 12:15:19 	assigned HTCondor ID (5.0.0)
04/08/21 12:15:19 Just submitted 3 jobs this cycle...
04/08/21 12:15:19 DAG status: 0 (DAG_STATUS_OK)
04/08/21 12:15:19 Of 20 nodes total:
04/08/21 12:15:19  Done     Pre   Queued    Post   Ready   Un-Ready   Failed
04/08/21 12:15:19   ===     ===      ===     ===     ===        ===      ===
04/08/21 12:15:19     1       0        3       0       0         16        0
04/08/21 12:15:19 0 job proc(s) currently held
04/08/21 12:15:19 DAGMan Runtime Statistics: [ EventCycleTimeStd = 0.02186603464925197; EventCycleTimeMax = 0.05998086929321289; SubmitCycleTimeMin = 0.001303195953369141; SubmitCycleTimeAvg = 0.04010164737701416; SleepCycleTimeCount = 3.0; SubmitCycleTimeCount = 4.0; SubmitCycleTimeMax = 0.1102771759033203; SleepCycleTimeMin = 5.006978988647461; SubmitCycleTimeSum = 0.1604065895080566; LogProcessCycleTimeStd = 0.01182842874088539; SubmitCycleTimeStd = 0.05157550309925313; LogProcessCycleTimeAvg = 0.01517391204833984; EventCycleTimeMin = 0.01628613471984863; LogProcessCycleTimeMax = 0.02353787422180176; LogProcessCycleTimeMin = 0.00680994987487793; LogProcessCycleTimeSum = 0.03034782409667969; LogProcessCycleTimeCount = 2.0; EventCycleTimeSum = 0.1128358840942383; SleepCycleTimeSum = 15.22393107414246; SleepCycleTimeAvg = 5.074643691380818; SleepCycleTimeStd = 0.1168307486776912; SleepCycleTimeMax = 5.209547996520996; EventCycleTimeCount = 3.0; EventCycleTimeAvg = 0.03761196136474609; ]
04/08/21 12:15:24 Currently monitoring 1 HTCondor log file(s)
04/08/21 12:15:24 Reassigning the id of job stage_in_local_local_0_0 from (3.0.0) to (3.0.0)
04/08/21 12:15:24 Event: ULOG_SUBMIT for HTCondor Node stage_in_local_local_0_0 (3.0.0) {04/08/21 12:15:19}
04/08/21 12:15:24 Number of idle job procs: 1
04/08/21 12:15:24 Reassigning the id of job stage_in_local_local_1_0 from (4.0.0) to (4.0.0)
04/08/21 12:15:24 Event: ULOG_SUBMIT for HTCondor Node stage_in_local_local_1_0 (4.0.0) {04/08/21 12:15:19}
04/08/21 12:15:24 Number of idle job procs: 2
04/08/21 12:15:24 Reassigning the id of job stage_in_local_local_2_0 from (5.0.0) to (5.0.0)
04/08/21 12:15:24 Event: ULOG_SUBMIT for HTCondor Node stage_in_local_local_2_0 (5.0.0) {04/08/21 12:15:19}
04/08/21 12:15:24 Number of idle job procs: 3
04/08/21 12:15:24 Event: ULOG_EXECUTE for HTCondor Node stage_in_local_local_1_0 (4.0.0) {04/08/21 12:15:22}
04/08/21 12:15:24 Number of idle job procs: 2
04/08/21 12:15:24 Event: ULOG_EXECUTE for HTCondor Node stage_in_local_local_0_0 (3.0.0) {04/08/21 12:15:22}
04/08/21 12:15:24 Number of idle job procs: 1
04/08/21 12:15:24 Event: ULOG_EXECUTE for HTCondor Node stage_in_local_local_2_0 (5.0.0) {04/08/21 12:15:22}
04/08/21 12:15:24 Number of idle job procs: 0
04/08/21 12:22:41 Currently monitoring 1 HTCondor log file(s)
04/08/21 12:22:41 Event: ULOG_JOB_TERMINATED for HTCondor Node stage_in_local_local_1_0 (4.0.0) {04/08/21 12:22:38}
04/08/21 12:22:41 Number of idle job procs: 0
04/08/21 12:22:41 Node stage_in_local_local_1_0 job proc (4.0.0) failed with status 1.
04/08/21 12:22:41 Node stage_in_local_local_1_0 job completed
04/08/21 12:22:41 Running POST script of Node stage_in_local_local_1_0...
04/08/21 12:22:41 Warning: mysin has length 0 (ignore if produced by DAGMan; see gittrac #4987, #5031)
04/08/21 12:22:41 DAG status: 0 (DAG_STATUS_OK)
04/08/21 12:22:41 Of 20 nodes total:
04/08/21 12:22:41  Done     Pre   Queued    Post   Ready   Un-Ready   Failed
04/08/21 12:22:41   ===     ===      ===     ===     ===        ===      ===
04/08/21 12:22:41     1       0        2       1       0         16        0
04/08/21 12:22:41 0 job proc(s) currently held
04/08/21 12:22:41 DAGMan Runtime Statistics: [ EventCycleTimeStd = 0.01421159401518561; EventCycleTimeMax = 0.1188890933990479; SubmitCycleTimeMin = 0.0007379055023193359; SubmitCycleTimeAvg = 0.003623519254767376; SleepCycleTimeCount = 91.0; SubmitCycleTimeCount = 92.0; SubmitCycleTimeMax = 0.1102771759033203; SleepCycleTimeMin = 4.97122597694397; SubmitCycleTimeSum = 0.3333637714385986; LogProcessCycleTimeStd = 0.007619475447147949; SubmitCycleTimeStd = 0.01221361907847393; LogProcessCycleTimeAvg = 0.01581895351409912; EventCycleTimeMin = 0.0007579326629638672; LogProcessCycleTimeMax = 0.02353787422180176; LogProcessCycleTimeMin = 0.00680994987487793; LogProcessCycleTimeSum = 0.06327581405639648; LogProcessCycleTimeCount = 4.0; EventCycleTimeSum = 0.4295060634613037; SleepCycleTimeSum = 456.3779928684235; SleepCycleTimeAvg = 5.015142778773884; SleepCycleTimeStd = 0.1050859622543032; SleepCycleTimeMax = 5.977717161178589; EventCycleTimeCount = 91.0; EventCycleTimeAvg = 0.004719846851223118; ]
04/08/21 12:22:41 Initializing user log writer for /home/scitech/shared-data/Galaxy2/galaxy-image-classification/scitech/pegasus/Galaxy/run0001/./Galaxy-0.dag.nodes.log, (4.0.0)
04/08/21 12:22:46 Currently monitoring 1 HTCondor log file(s)
04/08/21 12:22:46 Event: ULOG_POST_SCRIPT_TERMINATED for HTCondor Node stage_in_local_local_1_0 (4.0.0) {04/08/21 12:22:41}
04/08/21 12:22:46 POST Script of node stage_in_local_local_1_0 failed with status 1
04/08/21 12:22:46 POST for Node stage_in_local_local_1_0 returned 1
04/08/21 12:22:46 Retrying node stage_in_local_local_1_0 (retry #1 of 1)...
04/08/21 12:22:46 Event: ULOG_JOB_TERMINATED for HTCondor Node stage_in_local_local_2_0 (5.0.0) {04/08/21 12:22:43}
04/08/21 12:22:46 Number of idle job procs: 0
04/08/21 12:22:46 Node stage_in_local_local_2_0 job proc (5.0.0) failed with status 1.
04/08/21 12:22:46 Node stage_in_local_local_2_0 job completed
04/08/21 12:22:46 Running POST script of Node stage_in_local_local_2_0...
04/08/21 12:22:46 Warning: mysin has length 0 (ignore if produced by DAGMan; see gittrac #4987, #5031)
04/08/21 12:22:46 DAG status: 0 (DAG_STATUS_OK)
04/08/21 12:22:46 Of 20 nodes total:
04/08/21 12:22:46  Done     Pre   Queued    Post   Ready   Un-Ready   Failed
04/08/21 12:22:46   ===     ===      ===     ===     ===        ===      ===
04/08/21 12:22:46     1       0        1       1       1         16        0
04/08/21 12:22:46 0 job proc(s) currently held
04/08/21 12:22:46 DAGMan Runtime Statistics: [ EventCycleTimeStd = 0.01444983288606997; EventCycleTimeMax = 0.1188890933990479; SubmitCycleTimeMin = 0.0007379055023193359; SubmitCycleTimeAvg = 0.003603117440336494; SleepCycleTimeCount = 92.0; SubmitCycleTimeCount = 93.0; SubmitCycleTimeMax = 0.1102771759033203; SleepCycleTimeMin = 4.97122597694397; SubmitCycleTimeSum = 0.3350899219512939; LogProcessCycleTimeStd = 0.006969251607627698; SubmitCycleTimeStd = 0.01214865262650737; LogProcessCycleTimeAvg = 0.0168217658996582; EventCycleTimeMin = 0.0007579326629638672; LogProcessCycleTimeMax = 0.02353787422180176; LogProcessCycleTimeMin = 0.00680994987487793; LogProcessCycleTimeSum = 0.08410882949829102; LogProcessCycleTimeCount = 5.0; EventCycleTimeSum = 0.4630770683288574; SleepCycleTimeSum = 461.5436148643494; SleepCycleTimeAvg = 5.01677842243858; SleepCycleTimeStd = 0.1056779898527974; SleepCycleTimeMax = 5.977717161178589; EventCycleTimeCount = 92.0; EventCycleTimeAvg = 0.005033446394878885; ]
04/08/21 12:22:46 Initializing user log writer for /home/scitech/shared-data/Galaxy2/galaxy-image-classification/scitech/pegasus/Galaxy/run0001/./Galaxy-0.dag.nodes.log, (5.0.0)
04/08/21 12:22:51 Reassigning the id of job stage_in_local_local_1_0 from (4.0.0) to (-1.-1.-1)
04/08/21 12:22:51 Submitting HTCondor Node stage_in_local_local_1_0 job(s)...
04/08/21 12:22:51 Adding a DAGMan workflow log /home/scitech/shared-data/Galaxy2/galaxy-image-classification/scitech/pegasus/Galaxy/run0001/./Galaxy-0.dag.nodes.log
04/08/21 12:22:51 Masking the events recorded in the DAGMAN workflow log
04/08/21 12:22:51 Mask for workflow log is 0,1,2,4,5,7,9,10,11,12,13,16,17,24,27,35,36
04/08/21 12:22:51 submitting: /usr/bin/condor_submit -a dag_node_name' '=' 'stage_in_local_local_1_0 -a +DAGManJobId' '=' '1 -a DAGManJobId' '=' '1 -batch-name Galaxy-0.dag+1 -a submit_event_notes' '=' 'DAG' 'Node:' 'stage_in_local_local_1_0 -a dagman_log' '=' '/home/scitech/shared-data/Galaxy2/galaxy-image-classification/scitech/pegasus/Galaxy/run0001/./Galaxy-0.dag.nodes.log -a +DAGManNodesMask' '=' '"0,1,2,4,5,7,9,10,11,12,13,16,17,24,27,35,36" -a priority=700 -a +DAGNodeRetry' '=' '1 -a DAG_STATUS' '=' '0 -a FAILED_COUNT' '=' '0 -a +KeepClaimIdle' '=' '20 -a notification' '=' 'never -a +DAGParentNodeNames' '=' '"create_dir_Galaxy_0_local" 00/00/stage_in_local_local_1_0.sub
04/08/21 12:22:51 From submit: Submitting job(s).
04/08/21 12:22:51 From submit: 1 job(s) submitted to cluster 6.
04/08/21 12:22:51 	assigned HTCondor ID (6.0.0)
04/08/21 12:22:51 Just submitted 1 job this cycle...
04/08/21 12:22:51 Currently monitoring 1 HTCondor log file(s)
04/08/21 12:22:51 Event: ULOG_POST_SCRIPT_TERMINATED for HTCondor Node stage_in_local_local_2_0 (5.0.0) {04/08/21 12:22:46}
04/08/21 12:22:51 POST Script of node stage_in_local_local_2_0 failed with status 1
04/08/21 12:22:51 POST for Node stage_in_local_local_2_0 returned 1
04/08/21 12:22:51 Retrying node stage_in_local_local_2_0 (retry #1 of 1)...
04/08/21 12:22:51 Event: ULOG_JOB_TERMINATED for HTCondor Node stage_in_local_local_0_0 (3.0.0) {04/08/21 12:22:50}
04/08/21 12:22:51 Number of idle job procs: 0
04/08/21 12:22:51 Node stage_in_local_local_0_0 job proc (3.0.0) failed with status 1.
04/08/21 12:22:51 Node stage_in_local_local_0_0 job completed
04/08/21 12:22:51 Running POST script of Node stage_in_local_local_0_0...
04/08/21 12:22:51 Warning: mysin has length 0 (ignore if produced by DAGMan; see gittrac #4987, #5031)
04/08/21 12:22:51 Reassigning the id of job stage_in_local_local_1_0 from (6.0.0) to (6.0.0)
04/08/21 12:22:51 Event: ULOG_SUBMIT for HTCondor Node stage_in_local_local_1_0 (6.0.0) {04/08/21 12:22:51}
04/08/21 12:22:51 Number of idle job procs: 1
04/08/21 12:22:51 Initializing user log writer for /home/scitech/shared-data/Galaxy2/galaxy-image-classification/scitech/pegasus/Galaxy/run0001/./Galaxy-0.dag.nodes.log, (3.0.0)
04/08/21 12:22:56 Reassigning the id of job stage_in_local_local_2_0 from (5.0.0) to (-1.-1.-1)
04/08/21 12:22:56 Submitting HTCondor Node stage_in_local_local_2_0 job(s)...
04/08/21 12:22:56 Adding a DAGMan workflow log /home/scitech/shared-data/Galaxy2/galaxy-image-classification/scitech/pegasus/Galaxy/run0001/./Galaxy-0.dag.nodes.log
04/08/21 12:22:56 Masking the events recorded in the DAGMAN workflow log
04/08/21 12:22:56 Mask for workflow log is 0,1,2,4,5,7,9,10,11,12,13,16,17,24,27,35,36
04/08/21 12:22:56 submitting: /usr/bin/condor_submit -a dag_node_name' '=' 'stage_in_local_local_2_0 -a +DAGManJobId' '=' '1 -a DAGManJobId' '=' '1 -batch-name Galaxy-0.dag+1 -a submit_event_notes' '=' 'DAG' 'Node:' 'stage_in_local_local_2_0 -a dagman_log' '=' '/home/scitech/shared-data/Galaxy2/galaxy-image-classification/scitech/pegasus/Galaxy/run0001/./Galaxy-0.dag.nodes.log -a +DAGManNodesMask' '=' '"0,1,2,4,5,7,9,10,11,12,13,16,17,24,27,35,36" -a priority=700 -a +DAGNodeRetry' '=' '1 -a DAG_STATUS' '=' '0 -a FAILED_COUNT' '=' '0 -a +KeepClaimIdle' '=' '20 -a notification' '=' 'never -a +DAGParentNodeNames' '=' '"create_dir_Galaxy_0_local" 00/00/stage_in_local_local_2_0.sub
04/08/21 12:22:56 From submit: Submitting job(s).
04/08/21 12:22:56 From submit: 1 job(s) submitted to cluster 7.
04/08/21 12:22:56 	assigned HTCondor ID (7.0.0)
04/08/21 12:22:56 Just submitted 1 job this cycle...
04/08/21 12:22:56 Currently monitoring 1 HTCondor log file(s)
04/08/21 12:22:56 Event: ULOG_EXECUTE for HTCondor Node stage_in_local_local_1_0 (6.0.0) {04/08/21 12:22:51}
04/08/21 12:22:56 Number of idle job procs: 0
04/08/21 12:22:56 Event: ULOG_POST_SCRIPT_TERMINATED for HTCondor Node stage_in_local_local_0_0 (3.0.0) {04/08/21 12:22:51}
04/08/21 12:22:56 POST Script of node stage_in_local_local_0_0 failed with status 1
04/08/21 12:22:56 POST for Node stage_in_local_local_0_0 returned 1
04/08/21 12:22:56 Retrying node stage_in_local_local_0_0 (retry #1 of 1)...
04/08/21 12:22:56 Reassigning the id of job stage_in_local_local_2_0 from (7.0.0) to (7.0.0)
04/08/21 12:22:56 Event: ULOG_SUBMIT for HTCondor Node stage_in_local_local_2_0 (7.0.0) {04/08/21 12:22:56}
04/08/21 12:22:56 Number of idle job procs: 1
04/08/21 12:22:56 DAG status: 0 (DAG_STATUS_OK)
04/08/21 12:22:56 Of 20 nodes total:
04/08/21 12:22:56  Done     Pre   Queued    Post   Ready   Un-Ready   Failed
04/08/21 12:22:56   ===     ===      ===     ===     ===        ===      ===
04/08/21 12:22:56     1       0        2       0       1         16        0
04/08/21 12:22:56 0 job proc(s) currently held
04/08/21 12:22:56 DAGMan Runtime Statistics: [ EventCycleTimeStd = 0.01587736718640147; EventCycleTimeMax = 0.1188890933990479; SubmitCycleTimeMin = 0.0007379055023193359; SubmitCycleTimeAvg = 0.00445226368151213; SleepCycleTimeCount = 94.0; SubmitCycleTimeCount = 95.0; SubmitCycleTimeMax = 0.1102771759033203; SleepCycleTimeMin = 4.97122597694397; SubmitCycleTimeSum = 0.4229650497436523; LogProcessCycleTimeStd = 0.006074451720027974; SubmitCycleTimeStd = 0.0133547891996937; LogProcessCycleTimeAvg = 0.01657312256949289; EventCycleTimeMin = 0.0007579326629638672; LogProcessCycleTimeMax = 0.02353787422180176; LogProcessCycleTimeMin = 0.00680994987487793; LogProcessCycleTimeSum = 0.1160118579864502; LogProcessCycleTimeCount = 7.0; EventCycleTimeSum = 0.5631880760192871; SleepCycleTimeSum = 471.8639888763428; SleepCycleTimeAvg = 5.019829668897263; SleepCycleTimeStd = 0.1066391356784234; SleepCycleTimeMax = 5.977717161178589; EventCycleTimeCount = 94.0; EventCycleTimeAvg = 0.00599136251084348; ]
04/08/21 12:23:01 Reassigning the id of job stage_in_local_local_0_0 from (3.0.0) to (-1.-1.-1)
04/08/21 12:23:01 Submitting HTCondor Node stage_in_local_local_0_0 job(s)...
04/08/21 12:23:01 Adding a DAGMan workflow log /home/scitech/shared-data/Galaxy2/galaxy-image-classification/scitech/pegasus/Galaxy/run0001/./Galaxy-0.dag.nodes.log
04/08/21 12:23:01 Masking the events recorded in the DAGMAN workflow log
04/08/21 12:23:01 Mask for workflow log is 0,1,2,4,5,7,9,10,11,12,13,16,17,24,27,35,36
04/08/21 12:23:01 submitting: /usr/bin/condor_submit -a dag_node_name' '=' 'stage_in_local_local_0_0 -a +DAGManJobId' '=' '1 -a DAGManJobId' '=' '1 -batch-name Galaxy-0.dag+1 -a submit_event_notes' '=' 'DAG' 'Node:' 'stage_in_local_local_0_0 -a dagman_log' '=' '/home/scitech/shared-data/Galaxy2/galaxy-image-classification/scitech/pegasus/Galaxy/run0001/./Galaxy-0.dag.nodes.log -a +DAGManNodesMask' '=' '"0,1,2,4,5,7,9,10,11,12,13,16,17,24,27,35,36" -a priority=700 -a +DAGNodeRetry' '=' '1 -a DAG_STATUS' '=' '0 -a FAILED_COUNT' '=' '0 -a +KeepClaimIdle' '=' '20 -a notification' '=' 'never -a +DAGParentNodeNames' '=' '"create_dir_Galaxy_0_local" 00/00/stage_in_local_local_0_0.sub
04/08/21 12:23:01 From submit: Submitting job(s).
04/08/21 12:23:01 From submit: 1 job(s) submitted to cluster 8.
04/08/21 12:23:01 	assigned HTCondor ID (8.0.0)
04/08/21 12:23:01 Just submitted 1 job this cycle...
04/08/21 12:23:01 Currently monitoring 1 HTCondor log file(s)
04/08/21 12:23:01 Event: ULOG_EXECUTE for HTCondor Node stage_in_local_local_2_0 (7.0.0) {04/08/21 12:22:59}
04/08/21 12:23:01 Number of idle job procs: 0
04/08/21 12:23:01 Reassigning the id of job stage_in_local_local_0_0 from (8.0.0) to (8.0.0)
04/08/21 12:23:01 Event: ULOG_SUBMIT for HTCondor Node stage_in_local_local_0_0 (8.0.0) {04/08/21 12:23:01}
04/08/21 12:23:01 Number of idle job procs: 1
04/08/21 12:23:01 DAG status: 0 (DAG_STATUS_OK)
04/08/21 12:23:01 Of 20 nodes total:
04/08/21 12:23:01  Done     Pre   Queued    Post   Ready   Un-Ready   Failed
04/08/21 12:23:01   ===     ===      ===     ===     ===        ===      ===
04/08/21 12:23:01     1       0        3       0       0         16        0
04/08/21 12:23:01 0 job proc(s) currently held
04/08/21 12:23:01 DAGMan Runtime Statistics: [ EventCycleTimeStd = 0.01691884235957566; EventCycleTimeMax = 0.1188890933990479; SubmitCycleTimeMin = 0.0007379055023193359; SubmitCycleTimeAvg = 0.00482541819413503; SleepCycleTimeCount = 95.0; SubmitCycleTimeCount = 96.0; SubmitCycleTimeMax = 0.1102771759033203; SleepCycleTimeMin = 4.97122597694397; SubmitCycleTimeSum = 0.4632401466369629; LogProcessCycleTimeStd = 0.006223265913292221; SubmitCycleTimeStd = 0.0137782609157242; LogProcessCycleTimeAvg = 0.01563096046447754; EventCycleTimeMin = 0.0007579326629638672; LogProcessCycleTimeMax = 0.02353787422180176; LogProcessCycleTimeMin = 0.00680994987487793; LogProcessCycleTimeSum = 0.1250476837158203; LogProcessCycleTimeCount = 8.0; EventCycleTimeSum = 0.6283371448516846; SleepCycleTimeSum = 476.8687348365784; SleepCycleTimeAvg = 5.019670893016614; SleepCycleTimeStd = 0.1060816783042793; SleepCycleTimeMax = 5.977717161178589; EventCycleTimeCount = 95.0; EventCycleTimeAvg = 0.006614075208965101; ]
04/08/21 12:23:06 Currently monitoring 1 HTCondor log file(s)
04/08/21 12:23:06 Event: ULOG_EXECUTE for HTCondor Node stage_in_local_local_0_0 (8.0.0) {04/08/21 12:23:05}
04/08/21 12:23:06 Number of idle job procs: 0
